{"C:\\MyRepositories\\Ex.12.5\\src\\js\\init.js": {"path":"C:\\MyRepositories\\Ex.12.5\\src\\js\\init.js","statementMap":{"0":{"start":{"line":8,"column":4},"end":{"line":8,"column":29}},"1":{"start":{"line":9,"column":4},"end":{"line":9,"column":46}},"2":{"start":{"line":10,"column":4},"end":{"line":10,"column":51}},"3":{"start":{"line":14,"column":4},"end":{"line":16,"column":14}},"4":{"start":{"line":19,"column":32},"end":{"line":19,"column":46}},"5":{"start":{"line":21,"column":30},"end":{"line":21,"column":45}},"6":{"start":{"line":24,"column":4},"end":{"line":24,"column":54}},"7":{"start":{"line":25,"column":19},"end":{"line":25,"column":79}},"8":{"start":{"line":26,"column":4},"end":{"line":26,"column":69}},"9":{"start":{"line":26,"column":46},"end":{"line":26,"column":67}},"10":{"start":{"line":30,"column":4},"end":{"line":30,"column":25}},"11":{"start":{"line":31,"column":4},"end":{"line":31,"column":106}},"12":{"start":{"line":31,"column":49},"end":{"line":31,"column":96}},"13":{"start":{"line":31,"column":97},"end":{"line":31,"column":104}},"14":{"start":{"line":32,"column":4},"end":{"line":32,"column":121}}},"fnMap":{"0":{"name":"(anonymous_0)","decl":{"start":{"line":7,"column":2},"end":{"line":7,"column":3}},"loc":{"start":{"line":7,"column":24},"end":{"line":11,"column":3}},"line":7},"1":{"name":"(anonymous_1)","decl":{"start":{"line":13,"column":2},"end":{"line":13,"column":3}},"loc":{"start":{"line":13,"column":22},"end":{"line":17,"column":3}},"line":13},"2":{"name":"(anonymous_2)","decl":{"start":{"line":19,"column":2},"end":{"line":19,"column":3}},"loc":{"start":{"line":19,"column":30},"end":{"line":19,"column":48}},"line":19},"3":{"name":"(anonymous_3)","decl":{"start":{"line":21,"column":2},"end":{"line":21,"column":3}},"loc":{"start":{"line":21,"column":28},"end":{"line":21,"column":47}},"line":21},"4":{"name":"(anonymous_4)","decl":{"start":{"line":23,"column":2},"end":{"line":23,"column":3}},"loc":{"start":{"line":23,"column":14},"end":{"line":27,"column":3}},"line":23},"5":{"name":"(anonymous_5)","decl":{"start":{"line":26,"column":37},"end":{"line":26,"column":38}},"loc":{"start":{"line":26,"column":46},"end":{"line":26,"column":67}},"line":26},"6":{"name":"(anonymous_6)","decl":{"start":{"line":29,"column":2},"end":{"line":29,"column":3}},"loc":{"start":{"line":29,"column":19},"end":{"line":38,"column":3}},"line":29}},"branchMap":{"0":{"loc":{"start":{"line":31,"column":4},"end":{"line":31,"column":106}},"type":"if","locations":[{"start":{"line":31,"column":4},"end":{"line":31,"column":106}},{"start":{"line":31,"column":4},"end":{"line":31,"column":106}}],"line":31}},"s":{"0":1,"1":1,"2":1,"3":1,"4":2,"5":1,"6":1,"7":1,"8":1,"9":1,"10":1,"11":1,"12":0,"13":0,"14":1},"f":{"0":1,"1":1,"2":2,"3":1,"4":1,"5":1,"6":1},"b":{"0":[0,1]},"_coverageSchema":"1a1c01bbd47fc00a2c39e90264f33305004495a9","hash":"4c5adb0094f6c392784747d42c2d6679bc539393"}
,"C:\\MyRepositories\\Ex.12.5\\src\\js\\tooltip.js": {"path":"C:\\MyRepositories\\Ex.12.5\\src\\js\\tooltip.js","statementMap":{"0":{"start":{"line":4,"column":4},"end":{"line":4,"column":29}},"1":{"start":{"line":5,"column":4},"end":{"line":5,"column":29}},"2":{"start":{"line":6,"column":4},"end":{"line":6,"column":55}},"3":{"start":{"line":7,"column":4},"end":{"line":7,"column":32}},"4":{"start":{"line":11,"column":20},"end":{"line":11,"column":49}},"5":{"start":{"line":12,"column":4},"end":{"line":12,"column":37}},"6":{"start":{"line":13,"column":4},"end":{"line":13,"column":71}},"7":{"start":{"line":14,"column":4},"end":{"line":14,"column":27}},"8":{"start":{"line":15,"column":4},"end":{"line":15,"column":39}},"9":{"start":{"line":16,"column":4},"end":{"line":21,"column":5}},"10":{"start":{"line":17,"column":6},"end":{"line":17,"column":64}},"11":{"start":{"line":18,"column":21},"end":{"line":18,"column":60}},"12":{"start":{"line":19,"column":6},"end":{"line":19,"column":72}},"13":{"start":{"line":20,"column":6},"end":{"line":20,"column":97}},"14":{"start":{"line":22,"column":4},"end":{"line":22,"column":41}},"15":{"start":{"line":26,"column":4},"end":{"line":26,"column":26}}},"fnMap":{"0":{"name":"(anonymous_0)","decl":{"start":{"line":3,"column":2},"end":{"line":3,"column":3}},"loc":{"start":{"line":3,"column":24},"end":{"line":8,"column":3}},"line":3},"1":{"name":"(anonymous_1)","decl":{"start":{"line":10,"column":2},"end":{"line":10,"column":3}},"loc":{"start":{"line":10,"column":34},"end":{"line":23,"column":3}},"line":10},"2":{"name":"(anonymous_2)","decl":{"start":{"line":25,"column":2},"end":{"line":25,"column":3}},"loc":{"start":{"line":25,"column":18},"end":{"line":27,"column":3}},"line":25}},"branchMap":{"0":{"loc":{"start":{"line":16,"column":4},"end":{"line":21,"column":5}},"type":"if","locations":[{"start":{"line":16,"column":4},"end":{"line":21,"column":5}},{"start":{"line":16,"column":4},"end":{"line":21,"column":5}}],"line":16}},"s":{"0":1,"1":1,"2":1,"3":1,"4":1,"5":1,"6":1,"7":1,"8":1,"9":1,"10":1,"11":1,"12":0,"13":0,"14":0,"15":0},"f":{"0":1,"1":1,"2":0},"b":{"0":[1,0]},"_coverageSchema":"1a1c01bbd47fc00a2c39e90264f33305004495a9","hash":"40594e3131b9b3762e2e6141b82652514235f804"}
}
